Success (5):
content 29173 _a-0000e3b4-2fa2-8000-29b8-01ef9001ef90_177078 "ASD_Constants"
content 29174 _a-0000e3b4-2fa2-8000-29b8-01ef9001ef90_177084 "ASD_Rules"
content 29328 _a-0000e3b4-2fa2-8000-29b8-01ef9001ef90_177100 "ASD_ENV_URL"
content 29330 _a-0000e3b4-2fa2-8000-29b8-01ef9001ef90_178797 "ASD_FormatTextDate"
application 29172 _a-0000e3b4-2fa2-8000-29b8-01ef9001ef90_177070 "Appian SDLC Application"

Trace:
2019-12-31 07:14:38.578 DEBUG application 29172 _a-0000e3b4-2fa2-8000-29b8-01ef9001ef90_177070 Begin transport.
2019-12-31 07:14:38.579 DEBUG application 29172 _a-0000e3b4-2fa2-8000-29b8-01ef9001ef90_177070 Retrieving object data.
2019-12-31 07:14:38.622 DEBUG application 29172 _a-0000e3b4-2fa2-8000-29b8-01ef9001ef90_177070 App associated objects: [content=[_a-0000e3b4-2fa2-8000-29b8-01ef9001ef90_177078, _a-0000e3b4-2fa2-8000-29b8-01ef9001ef90_177084, _a-0000e3b4-2fa2-8000-29b8-01ef9001ef90_177100, _a-0000e3b4-2fa2-8000-29b8-01ef9001ef90_178797]]
2019-12-31 07:14:38.624 DEBUG application 29172 _a-0000e3b4-2fa2-8000-29b8-01ef9001ef90_177070 Invalid associated objects: []
2019-12-31 07:14:38.628 DEBUG application 29172 _a-0000e3b4-2fa2-8000-29b8-01ef9001ef90_177070 Adding valid associated objects to be exported: GlobalBindingMap[content={_a-0000e3b4-2fa2-8000-29b8-01ef9001ef90_177078=29173, _a-0000e3b4-2fa2-8000-29b8-01ef9001ef90_177084=29174, _a-0000e3b4-2fa2-8000-29b8-01ef9001ef90_177100=29328, _a-0000e3b4-2fa2-8000-29b8-01ef9001ef90_178797=29330}]
2019-12-31 07:14:38.628 DEBUG application 29172 _a-0000e3b4-2fa2-8000-29b8-01ef9001ef90_177070 Setting uuids of object references.
2019-12-31 07:14:38.629 DEBUG application 29172 _a-0000e3b4-2fa2-8000-29b8-01ef9001ef90_177070 Processing reference: Application.forum
2019-12-31 07:14:38.629 DEBUG application 29172 _a-0000e3b4-2fa2-8000-29b8-01ef9001ef90_177070 Processing reference: Application.parent
2019-12-31 07:14:38.633 DEBUG application 29172 _a-0000e3b4-2fa2-8000-29b8-01ef9001ef90_177070 Processing reference: com.appiancorp.suiteapi.content.ContentRoleMap@2c2610f6[
  ContentRole[name=readers,inherit=false,allowForAll=false]
  ContentRole[name=authors,inherit=false,allowForAll=false]
  ContentRole[name=administrators,inherit=false,allowForAll=false]
  ContentRole[name=denyReaders,inherit=false,allowForAll=false]
  ContentRole[name=denyAuthors,inherit=false,allowForAll=false]
  ContentRole[name=denyAdministrators,inherit=false,allowForAll=false]
  securityVector=1:SEC_PUBLIC=true,SEC_CREATOR_ADMIN=false,SEC_INH_ADMIN=false,SEC_INH_EDITOR=false,SEC_INH_VIEWER=false,SEC_ALL_ADMIN=false,SEC_ALL_EDITOR=false,SEC_ALL_VIEWER=false
]
2019-12-31 07:14:38.633 DEBUG application 29172 _a-0000e3b4-2fa2-8000-29b8-01ef9001ef90_177070 Processing reference: ContentRole[name=readers,inherit=false,allowForAll=false]
2019-12-31 07:14:38.633 DEBUG application 29172 _a-0000e3b4-2fa2-8000-29b8-01ef9001ef90_177070 Processing reference: ContentRole[name=authors,inherit=false,allowForAll=false]
2019-12-31 07:14:38.633 DEBUG application 29172 _a-0000e3b4-2fa2-8000-29b8-01ef9001ef90_177070 Processing reference: ContentRole[name=administrators,inherit=false,allowForAll=false]
2019-12-31 07:14:38.633 DEBUG application 29172 _a-0000e3b4-2fa2-8000-29b8-01ef9001ef90_177070 Processing reference: ContentRole[name=denyReaders,inherit=false,allowForAll=false]
2019-12-31 07:14:38.633 DEBUG application 29172 _a-0000e3b4-2fa2-8000-29b8-01ef9001ef90_177070 Processing reference: ContentRole[name=denyAuthors,inherit=false,allowForAll=false]
2019-12-31 07:14:38.634 DEBUG application 29172 _a-0000e3b4-2fa2-8000-29b8-01ef9001ef90_177070 Processing reference: ContentRole[name=denyAdministrators,inherit=false,allowForAll=false]
2019-12-31 07:14:38.637 DEBUG content 29173 _a-0000e3b4-2fa2-8000-29b8-01ef9001ef90_177078 Begin transport.
2019-12-31 07:14:38.637 DEBUG content 29173 _a-0000e3b4-2fa2-8000-29b8-01ef9001ef90_177078 Retrieving object data.
2019-12-31 07:14:38.648 DEBUG content 29173 _a-0000e3b4-2fa2-8000-29b8-01ef9001ef90_177078 Setting uuids of object references.
2019-12-31 07:14:38.648 DEBUG content 29173 _a-0000e3b4-2fa2-8000-29b8-01ef9001ef90_177078 Processing reference: RulesFolder.forum
2019-12-31 07:14:38.649 DEBUG content 29173 _a-0000e3b4-2fa2-8000-29b8-01ef9001ef90_177078 Processing reference: RulesFolder.parent
2019-12-31 07:14:38.653 DEBUG content 29173 _a-0000e3b4-2fa2-8000-29b8-01ef9001ef90_177078 Processing reference: com.appiancorp.suiteapi.content.ContentRoleMap@1dc5fc48[
  ContentRole[name=readers,inherit=false,allowForAll=false]
  ContentRole[name=authors,inherit=false,allowForAll=false]
  ContentRole[name=administrators,inherit=false,allowForAll=false]
  ContentRole[name=denyReaders,inherit=false,allowForAll=false]
  ContentRole[name=denyAuthors,inherit=false,allowForAll=false]
  ContentRole[name=denyAdministrators,inherit=false,allowForAll=false]
  securityVector=1:SEC_PUBLIC=true,SEC_CREATOR_ADMIN=false,SEC_INH_ADMIN=false,SEC_INH_EDITOR=false,SEC_INH_VIEWER=false,SEC_ALL_ADMIN=false,SEC_ALL_EDITOR=false,SEC_ALL_VIEWER=false
]
2019-12-31 07:14:38.653 DEBUG content 29173 _a-0000e3b4-2fa2-8000-29b8-01ef9001ef90_177078 Processing reference: ContentRole[name=readers,inherit=false,allowForAll=false]
2019-12-31 07:14:38.653 DEBUG content 29173 _a-0000e3b4-2fa2-8000-29b8-01ef9001ef90_177078 Processing reference: ContentRole[name=authors,inherit=false,allowForAll=false]
2019-12-31 07:14:38.654 DEBUG content 29173 _a-0000e3b4-2fa2-8000-29b8-01ef9001ef90_177078 Processing reference: ContentRole[name=administrators,inherit=false,allowForAll=false]
2019-12-31 07:14:38.654 DEBUG content 29173 _a-0000e3b4-2fa2-8000-29b8-01ef9001ef90_177078 Processing reference: ContentRole[name=denyReaders,inherit=false,allowForAll=false]
2019-12-31 07:14:38.654 DEBUG content 29173 _a-0000e3b4-2fa2-8000-29b8-01ef9001ef90_177078 Processing reference: ContentRole[name=denyAuthors,inherit=false,allowForAll=false]
2019-12-31 07:14:38.654 DEBUG content 29173 _a-0000e3b4-2fa2-8000-29b8-01ef9001ef90_177078 Processing reference: ContentRole[name=denyAdministrators,inherit=false,allowForAll=false]
2019-12-31 07:14:38.654 DEBUG content 29173 _a-0000e3b4-2fa2-8000-29b8-01ef9001ef90_177078 Completing produce.
2019-12-31 07:14:38.654 DEBUG content 29173 _a-0000e3b4-2fa2-8000-29b8-01ef9001ef90_177078 Exporting binary resources.
2019-12-31 07:14:38.654 DEBUG content 29173 _a-0000e3b4-2fa2-8000-29b8-01ef9001ef90_177078 Serializing object to XML.
2019-12-31 07:14:38.655 DEBUG content 29173 _a-0000e3b4-2fa2-8000-29b8-01ef9001ef90_177078 Object transported.
2019-12-31 07:14:38.655 DEBUG content 29174 _a-0000e3b4-2fa2-8000-29b8-01ef9001ef90_177084 Begin transport.
2019-12-31 07:14:38.655 DEBUG content 29174 _a-0000e3b4-2fa2-8000-29b8-01ef9001ef90_177084 Retrieving object data.
2019-12-31 07:14:38.668 DEBUG content 29174 _a-0000e3b4-2fa2-8000-29b8-01ef9001ef90_177084 Setting uuids of object references.
2019-12-31 07:14:38.668 DEBUG content 29174 _a-0000e3b4-2fa2-8000-29b8-01ef9001ef90_177084 Processing reference: RulesFolder.forum
2019-12-31 07:14:38.669 DEBUG content 29174 _a-0000e3b4-2fa2-8000-29b8-01ef9001ef90_177084 Processing reference: RulesFolder.parent
2019-12-31 07:14:38.672 DEBUG content 29174 _a-0000e3b4-2fa2-8000-29b8-01ef9001ef90_177084 Processing reference: com.appiancorp.suiteapi.content.ContentRoleMap@6159415f[
  ContentRole[name=readers,inherit=false,allowForAll=false]
  ContentRole[name=authors,inherit=false,allowForAll=false]
  ContentRole[name=administrators,inherit=false,allowForAll=false]
  ContentRole[name=denyReaders,inherit=false,allowForAll=false]
  ContentRole[name=denyAuthors,inherit=false,allowForAll=false]
  ContentRole[name=denyAdministrators,inherit=false,allowForAll=false]
  securityVector=1:SEC_PUBLIC=true,SEC_CREATOR_ADMIN=false,SEC_INH_ADMIN=false,SEC_INH_EDITOR=false,SEC_INH_VIEWER=false,SEC_ALL_ADMIN=false,SEC_ALL_EDITOR=false,SEC_ALL_VIEWER=false
]
2019-12-31 07:14:38.672 DEBUG content 29174 _a-0000e3b4-2fa2-8000-29b8-01ef9001ef90_177084 Processing reference: ContentRole[name=readers,inherit=false,allowForAll=false]
2019-12-31 07:14:38.672 DEBUG content 29174 _a-0000e3b4-2fa2-8000-29b8-01ef9001ef90_177084 Processing reference: ContentRole[name=authors,inherit=false,allowForAll=false]
2019-12-31 07:14:38.672 DEBUG content 29174 _a-0000e3b4-2fa2-8000-29b8-01ef9001ef90_177084 Processing reference: ContentRole[name=administrators,inherit=false,allowForAll=false]
2019-12-31 07:14:38.672 DEBUG content 29174 _a-0000e3b4-2fa2-8000-29b8-01ef9001ef90_177084 Processing reference: ContentRole[name=denyReaders,inherit=false,allowForAll=false]
2019-12-31 07:14:38.672 DEBUG content 29174 _a-0000e3b4-2fa2-8000-29b8-01ef9001ef90_177084 Processing reference: ContentRole[name=denyAuthors,inherit=false,allowForAll=false]
2019-12-31 07:14:38.672 DEBUG content 29174 _a-0000e3b4-2fa2-8000-29b8-01ef9001ef90_177084 Processing reference: ContentRole[name=denyAdministrators,inherit=false,allowForAll=false]
2019-12-31 07:14:38.672 DEBUG content 29174 _a-0000e3b4-2fa2-8000-29b8-01ef9001ef90_177084 Completing produce.
2019-12-31 07:14:38.672 DEBUG content 29174 _a-0000e3b4-2fa2-8000-29b8-01ef9001ef90_177084 Exporting binary resources.
2019-12-31 07:14:38.672 DEBUG content 29174 _a-0000e3b4-2fa2-8000-29b8-01ef9001ef90_177084 Serializing object to XML.
2019-12-31 07:14:38.673 DEBUG content 29174 _a-0000e3b4-2fa2-8000-29b8-01ef9001ef90_177084 Object transported.
2019-12-31 07:14:38.673 DEBUG content 29328 _a-0000e3b4-2fa2-8000-29b8-01ef9001ef90_177100 Begin transport.
2019-12-31 07:14:38.673 DEBUG content 29328 _a-0000e3b4-2fa2-8000-29b8-01ef9001ef90_177100 Retrieving object data.
2019-12-31 07:14:38.685 DEBUG content 29328 _a-0000e3b4-2fa2-8000-29b8-01ef9001ef90_177100 Setting uuids of object references.
2019-12-31 07:14:38.685 DEBUG content 29328 _a-0000e3b4-2fa2-8000-29b8-01ef9001ef90_177100 Processing reference: [Content:id=29175,versionId=-1,name=ASD_ENV_URL,type=32,subtype=0,uuid=_a-0000e3b4-2fa2-8000-29b8-01ef9001ef90_177100,parent=29173]
2019-12-31 07:14:38.685 DEBUG content 29328 _a-0000e3b4-2fa2-8000-29b8-01ef9001ef90_177100 Processing reference: Constant.forum
2019-12-31 07:14:38.686 DEBUG content 29328 _a-0000e3b4-2fa2-8000-29b8-01ef9001ef90_177100 Processing reference: Constant.parent
2019-12-31 07:14:38.69 DEBUG content 29328 _a-0000e3b4-2fa2-8000-29b8-01ef9001ef90_177100 Processing reference: com.appiancorp.suiteapi.content.ContentRoleMap@51326da0[
  ContentRole[name=readers,inherit=true,allowForAll=false]
  ContentRole[name=authors,inherit=true,allowForAll=false]
  ContentRole[name=administrators,inherit=true,allowForAll=false]
  ContentRole[name=denyReaders,inherit=false,allowForAll=false]
  ContentRole[name=denyAuthors,inherit=false,allowForAll=false]
  ContentRole[name=denyAdministrators,inherit=false,allowForAll=false]
  securityVector=15:SEC_PUBLIC=true,SEC_CREATOR_ADMIN=false,SEC_INH_ADMIN=true,SEC_INH_EDITOR=true,SEC_INH_VIEWER=true,SEC_ALL_ADMIN=false,SEC_ALL_EDITOR=false,SEC_ALL_VIEWER=false
]
2019-12-31 07:14:38.69 DEBUG content 29328 _a-0000e3b4-2fa2-8000-29b8-01ef9001ef90_177100 Processing reference: ContentRole[name=readers,inherit=true,allowForAll=false]
2019-12-31 07:14:38.69 DEBUG content 29328 _a-0000e3b4-2fa2-8000-29b8-01ef9001ef90_177100 Processing reference: ContentRole[name=authors,inherit=true,allowForAll=false]
2019-12-31 07:14:38.69 DEBUG content 29328 _a-0000e3b4-2fa2-8000-29b8-01ef9001ef90_177100 Processing reference: ContentRole[name=administrators,inherit=true,allowForAll=false]
2019-12-31 07:14:38.69 DEBUG content 29328 _a-0000e3b4-2fa2-8000-29b8-01ef9001ef90_177100 Processing reference: ContentRole[name=denyReaders,inherit=false,allowForAll=false]
2019-12-31 07:14:38.69 DEBUG content 29328 _a-0000e3b4-2fa2-8000-29b8-01ef9001ef90_177100 Processing reference: ContentRole[name=denyAuthors,inherit=false,allowForAll=false]
2019-12-31 07:14:38.69 DEBUG content 29328 _a-0000e3b4-2fa2-8000-29b8-01ef9001ef90_177100 Processing reference: ContentRole[name=denyAdministrators,inherit=false,allowForAll=false]
2019-12-31 07:14:38.691 DEBUG content 29328 _a-0000e3b4-2fa2-8000-29b8-01ef9001ef90_177100 Completing produce.
2019-12-31 07:14:38.691 DEBUG content 29328 _a-0000e3b4-2fa2-8000-29b8-01ef9001ef90_177100 Exporting binary resources.
2019-12-31 07:14:38.691 DEBUG content 29328 _a-0000e3b4-2fa2-8000-29b8-01ef9001ef90_177100 Serializing object to XML.
2019-12-31 07:14:38.699 DEBUG content 29328 _a-0000e3b4-2fa2-8000-29b8-01ef9001ef90_177100 Object transported.
2019-12-31 07:14:38.699 DEBUG content 29330 _a-0000e3b4-2fa2-8000-29b8-01ef9001ef90_178797 Begin transport.
2019-12-31 07:14:38.699 DEBUG content 29330 _a-0000e3b4-2fa2-8000-29b8-01ef9001ef90_178797 Retrieving object data.
2019-12-31 07:14:38.712 DEBUG content 29330 _a-0000e3b4-2fa2-8000-29b8-01ef9001ef90_178797 Setting uuids of object references.
2019-12-31 07:14:38.712 DEBUG content 29330 _a-0000e3b4-2fa2-8000-29b8-01ef9001ef90_178797 Processing reference: [Content:id=29329,versionId=-1,name=ASD_FormatTextDate,type=32,subtype=1,uuid=_a-0000e3b4-2fa2-8000-29b8-01ef9001ef90_178797,parent=29174]
2019-12-31 07:14:38.712 DEBUG content 29330 _a-0000e3b4-2fa2-8000-29b8-01ef9001ef90_178797 Processing reference: FreeformRule.forum
2019-12-31 07:14:38.713 DEBUG content 29330 _a-0000e3b4-2fa2-8000-29b8-01ef9001ef90_178797 Processing reference: FreeformRule.parent
2019-12-31 07:14:38.716 DEBUG content 29330 _a-0000e3b4-2fa2-8000-29b8-01ef9001ef90_178797 Processing reference: com.appiancorp.suiteapi.content.ContentRoleMap@29b0bc48[
  ContentRole[name=readers,inherit=true,allowForAll=false]
  ContentRole[name=authors,inherit=true,allowForAll=false]
  ContentRole[name=administrators,inherit=true,allowForAll=false]
  ContentRole[name=denyReaders,inherit=false,allowForAll=false]
  ContentRole[name=denyAuthors,inherit=false,allowForAll=false]
  ContentRole[name=denyAdministrators,inherit=false,allowForAll=false]
  securityVector=15:SEC_PUBLIC=true,SEC_CREATOR_ADMIN=false,SEC_INH_ADMIN=true,SEC_INH_EDITOR=true,SEC_INH_VIEWER=true,SEC_ALL_ADMIN=false,SEC_ALL_EDITOR=false,SEC_ALL_VIEWER=false
]
2019-12-31 07:14:38.716 DEBUG content 29330 _a-0000e3b4-2fa2-8000-29b8-01ef9001ef90_178797 Processing reference: ContentRole[name=readers,inherit=true,allowForAll=false]
2019-12-31 07:14:38.716 DEBUG content 29330 _a-0000e3b4-2fa2-8000-29b8-01ef9001ef90_178797 Processing reference: ContentRole[name=authors,inherit=true,allowForAll=false]
2019-12-31 07:14:38.716 DEBUG content 29330 _a-0000e3b4-2fa2-8000-29b8-01ef9001ef90_178797 Processing reference: ContentRole[name=administrators,inherit=true,allowForAll=false]
2019-12-31 07:14:38.716 DEBUG content 29330 _a-0000e3b4-2fa2-8000-29b8-01ef9001ef90_178797 Processing reference: ContentRole[name=denyReaders,inherit=false,allowForAll=false]
2019-12-31 07:14:38.717 DEBUG content 29330 _a-0000e3b4-2fa2-8000-29b8-01ef9001ef90_178797 Processing reference: ContentRole[name=denyAuthors,inherit=false,allowForAll=false]
2019-12-31 07:14:38.717 DEBUG content 29330 _a-0000e3b4-2fa2-8000-29b8-01ef9001ef90_178797 Processing reference: ContentRole[name=denyAdministrators,inherit=false,allowForAll=false]
2019-12-31 07:14:38.717 DEBUG content 29330 _a-0000e3b4-2fa2-8000-29b8-01ef9001ef90_178797 Completing produce.
2019-12-31 07:14:38.717 DEBUG content 29330 _a-0000e3b4-2fa2-8000-29b8-01ef9001ef90_178797 Exporting binary resources.
2019-12-31 07:14:38.717 DEBUG content 29330 _a-0000e3b4-2fa2-8000-29b8-01ef9001ef90_178797 Serializing object to XML.
2019-12-31 07:14:38.718 DEBUG content 29330 _a-0000e3b4-2fa2-8000-29b8-01ef9001ef90_178797 Object transported.
2019-12-31 07:14:38.718 DEBUG application 29172 _a-0000e3b4-2fa2-8000-29b8-01ef9001ef90_177070 Completing produce.
2019-12-31 07:14:38.718 DEBUG application 29172 _a-0000e3b4-2fa2-8000-29b8-01ef9001ef90_177070 Exporting binary resources.
2019-12-31 07:14:38.718 DEBUG application 29172 _a-0000e3b4-2fa2-8000-29b8-01ef9001ef90_177070 Serializing object to XML.
2019-12-31 07:14:38.719 DEBUG application 29172 _a-0000e3b4-2fa2-8000-29b8-01ef9001ef90_177070 Object transported.
